<?xml version="1.0" encoding="UTF-8"?>
<!-- Generated by org.testng.reporters.JUnitReportReporter -->
<testsuite hostname="DESKTOP-KMS0INK" failures="0" tests="1" name="testScript.RegisterTest" time="11.005" errors="0" timestamp="2024-10-27T17:21:14 IST" skipped="0">
  <testcase classname="testScript.RegisterTest" name="register" time="11.005"/>
  <system-out/>
</testsuite> <!-- testScript.RegisterTest -->
