<?xml version="1.0" encoding="UTF-8"?>
<!-- Generated by org.testng.reporters.JUnitReportReporter -->
<testsuite hostname="DESKTOP-KMS0INK" failures="0" tests="1" name="testScript.ValidLoginTest" time="3.085" errors="0" timestamp="2024-10-27T17:21:14 IST" skipped="0">
  <testcase classname="testScript.ValidLoginTest" name="login" time="3.085"/>
  <system-out/>
</testsuite> <!-- testScript.ValidLoginTest -->
