<?xml version="1.0" encoding="UTF-8"?>
<!-- Generated by org.testng.reporters.JUnitReportReporter -->
<testsuite hostname="DESKTOP-KMS0INK" failures="0" tests="10" name="testScript.InvalidLoginTest" time="7.490" errors="0" timestamp="2024-10-27T17:21:14 IST" skipped="0">
  <testcase classname="testScript.InvalidLoginTest" name="inValidLogin" time="0.660"/>
  <system-out/>
  <testcase classname="testScript.InvalidLoginTest" name="inValidLogin" time="0.682"/>
  <system-out/>
  <testcase classname="testScript.InvalidLoginTest" name="inValidLogin" time="0.688"/>
  <system-out/>
  <testcase classname="testScript.InvalidLoginTest" name="inValidLogin" time="0.798"/>
  <system-out/>
  <testcase classname="testScript.InvalidLoginTest" name="inValidLogin" time="0.702"/>
  <system-out/>
  <testcase classname="testScript.InvalidLoginTest" name="inValidLogin" time="0.745"/>
  <system-out/>
  <testcase classname="testScript.InvalidLoginTest" name="inValidLogin" time="0.755"/>
  <system-out/>
  <testcase classname="testScript.InvalidLoginTest" name="inValidLogin" time="0.802"/>
  <system-out/>
  <testcase classname="testScript.InvalidLoginTest" name="inValidLogin" time="0.849"/>
  <system-out/>
  <testcase classname="testScript.InvalidLoginTest" name="inValidLogin" time="0.809"/>
  <system-out/>
</testsuite> <!-- testScript.InvalidLoginTest -->
