<?xml version="1.0" encoding="UTF-8"?>
<!-- Generated by org.testng.reporters.JUnitReportReporter -->
<testsuite hostname="DESKTOP-KMS0INK" failures="0" tests="10" name="testScript.InvalidLoginTest" time="8.183" errors="0" timestamp="2024-10-26T13:15:57 IST" skipped="0">
  <testcase classname="testScript.InvalidLoginTest" name="inValidLogin" time="0.550"/>
  <system-out/>
  <testcase classname="testScript.InvalidLoginTest" name="inValidLogin" time="0.681"/>
  <system-out/>
  <testcase classname="testScript.InvalidLoginTest" name="inValidLogin" time="0.666"/>
  <system-out/>
  <testcase classname="testScript.InvalidLoginTest" name="inValidLogin" time="1.237"/>
  <system-out/>
  <testcase classname="testScript.InvalidLoginTest" name="inValidLogin" time="0.728"/>
  <system-out/>
  <testcase classname="testScript.InvalidLoginTest" name="inValidLogin" time="0.570"/>
  <system-out/>
  <testcase classname="testScript.InvalidLoginTest" name="inValidLogin" time="0.744"/>
  <system-out/>
  <testcase classname="testScript.InvalidLoginTest" name="inValidLogin" time="0.880"/>
  <system-out/>
  <testcase classname="testScript.InvalidLoginTest" name="inValidLogin" time="0.867"/>
  <system-out/>
  <testcase classname="testScript.InvalidLoginTest" name="inValidLogin" time="1.260"/>
  <system-out/>
</testsuite> <!-- testScript.InvalidLoginTest -->
